app/build/intermediates/manifest_merge_blame_file/debug/manifest-merger-blame-debug-report.txt
1<?xml version="1.0" encoding="utf-8"?>
2<manifest xmlns:android="http://schemas.android.com/apk/res/android"
3    package="com.nibodev.statussaver"
4    android:versionCode="3"
5    android:versionName="1.2" >
6
7    <uses-sdk
8        android:minSdkVersion="21"
8-->src\main\AndroidManifest.xml
9        android:targetSdkVersion="31" />
9-->src\main\AndroidManifest.xml
10
11    <uses-permission
11-->src\main\AndroidManifest.xml:6:5-108
12        android:name="android.permission.WRITE_EXTERNAL_STORAGE"
12-->src\main\AndroidManifest.xml:6:22-78
13        android:maxSdkVersion="28" />
13-->src\main\AndroidManifest.xml:6:79-105
14    <uses-permission android:name="android.permission.READ_EXTERNAL_STORAGE" />
14-->src\main\AndroidManifest.xml:7:5-80
14-->src\main\AndroidManifest.xml:7:22-77
15    <uses-permission android:name="android.permission.INTERNET" />
15-->src\main\AndroidManifest.xml:8:5-67
15-->src\main\AndroidManifest.xml:8:22-64
16
17    <queries>
17-->src\main\AndroidManifest.xml:10:5-12:15
18        <package android:name="com.whatsapp" />
18-->src\main\AndroidManifest.xml:11:9-48
18-->src\main\AndroidManifest.xml:11:18-45
19        <!-- For browser content -->
20        <intent>
20-->[com.google.android.gms:play-services-ads-lite:20.6.0] AndroidManifest.xml:31:9-37:18
21            <action android:name="android.intent.action.VIEW" />
21-->[com.facebook.android:facebook-common:13.2.0] AndroidManifest.xml:40:17-69
21-->[com.facebook.android:facebook-common:13.2.0] AndroidManifest.xml:40:25-66
22
23            <category android:name="android.intent.category.BROWSABLE" />
23-->[com.facebook.android:facebook-common:13.2.0] AndroidManifest.xml:43:17-78
23-->[com.facebook.android:facebook-common:13.2.0] AndroidManifest.xml:43:27-75
24
25            <data android:scheme="https" />
25-->[com.facebook.android:facebook-common:13.2.0] AndroidManifest.xml:45:17-47:50
25-->[com.facebook.android:facebook-common:13.2.0] AndroidManifest.xml:47:21-47
26        </intent> <!-- End of browser content -->
27        <!-- For CustomTabsService -->
28        <intent>
28-->[com.google.android.gms:play-services-ads-lite:20.6.0] AndroidManifest.xml:40:9-42:18
29            <action android:name="android.support.customtabs.action.CustomTabsService" />
29-->[com.google.android.gms:play-services-ads-lite:20.6.0] AndroidManifest.xml:41:13-90
29-->[com.google.android.gms:play-services-ads-lite:20.6.0] AndroidManifest.xml:41:21-87
30        </intent>
31    </queries>
32
33    <uses-permission android:name="android.permission.ACCESS_NETWORK_STATE" />
33-->[com.google.android.gms:play-services-ads-lite:20.6.0] AndroidManifest.xml:24:5-79
33-->[com.google.android.gms:play-services-ads-lite:20.6.0] AndroidManifest.xml:24:22-76
34    <uses-permission android:name="com.google.android.gms.permission.AD_ID" />
34-->[com.google.android.gms:play-services-ads-lite:20.6.0] AndroidManifest.xml:25:5-79
34-->[com.google.android.gms:play-services-ads-lite:20.6.0] AndroidManifest.xml:25:22-76
35    <uses-permission android:name="android.permission.WAKE_LOCK" />
35-->[com.google.android.gms:play-services-measurement:20.1.0] AndroidManifest.xml:25:5-68
35-->[com.google.android.gms:play-services-measurement:20.1.0] AndroidManifest.xml:25:22-65
36    <uses-permission android:name="com.google.android.finsky.permission.BIND_GET_INSTALL_REFERRER_SERVICE" />
36-->[com.google.android.gms:play-services-measurement:20.1.0] AndroidManifest.xml:26:5-110
36-->[com.google.android.gms:play-services-measurement:20.1.0] AndroidManifest.xml:26:22-107
37    <uses-permission android:name="android.permission.RECEIVE_BOOT_COMPLETED" />
37-->[androidx.work:work-runtime:2.7.0] AndroidManifest.xml:27:5-81
37-->[androidx.work:work-runtime:2.7.0] AndroidManifest.xml:27:22-78
38    <uses-permission android:name="android.permission.FOREGROUND_SERVICE" />
38-->[androidx.work:work-runtime:2.7.0] AndroidManifest.xml:28:5-77
38-->[androidx.work:work-runtime:2.7.0] AndroidManifest.xml:28:22-74
39
40    <application
40-->src\main\AndroidManifest.xml:14:5-43:15
41        android:allowBackup="true"
41-->src\main\AndroidManifest.xml:15:9-35
42        android:appComponentFactory="androidx.core.app.CoreComponentFactory"
42-->[androidx.core:core:1.7.0] AndroidManifest.xml:24:18-86
43        android:debuggable="true"
44        android:hardwareAccelerated="true"
44-->src\main\AndroidManifest.xml:16:9-43
45        android:icon="@mipmap/ic_launcher"
45-->src\main\AndroidManifest.xml:17:9-43
46        android:label="@string/app_name"
46-->src\main\AndroidManifest.xml:18:9-41
47        android:requestLegacyExternalStorage="true"
47-->src\main\AndroidManifest.xml:21:9-52
48        android:roundIcon="@mipmap/ic_launcher"
48-->src\main\AndroidManifest.xml:19:9-48
49        android:supportsRtl="true"
49-->src\main\AndroidManifest.xml:20:9-35
50        android:testOnly="true"
51        android:theme="@style/Theme.softneez.wasaver.NoActionBar" >
51-->src\main\AndroidManifest.xml:22:9-66
52        <activity
52-->src\main\AndroidManifest.xml:24:9-32:20
53            android:name="com.nibodev.statussaver.MainActivity"
53-->src\main\AndroidManifest.xml:25:13-64
54            android:exported="true"
54-->src\main\AndroidManifest.xml:27:13-36
55            android:screenOrientation="portrait" >
55-->src\main\AndroidManifest.xml:26:13-49
56            <intent-filter>
56-->src\main\AndroidManifest.xml:28:13-31:29
57                <action android:name="android.intent.action.MAIN" />
57-->src\main\AndroidManifest.xml:29:17-69
57-->src\main\AndroidManifest.xml:29:25-66
58
59                <category android:name="android.intent.category.LAUNCHER" />
59-->src\main\AndroidManifest.xml:30:17-77
59-->src\main\AndroidManifest.xml:30:27-74
60            </intent-filter>
61        </activity>
62
63        <!-- Sample AdMob app ID: ca-app-pub-3940256099942544~3347511713 -->
64        <meta-data
64-->src\main\AndroidManifest.xml:36:9-38:70
65            android:name="com.google.android.gms.ads.APPLICATION_ID"
65-->src\main\AndroidManifest.xml:37:13-69
66            android:value="ca-app-pub-3940256099942544~3347511713" />
66-->src\main\AndroidManifest.xml:38:13-67
67        <meta-data
67-->src\main\AndroidManifest.xml:40:9-107
68            android:name="com.facebook.sdk.ApplicationId"
68-->src\main\AndroidManifest.xml:40:20-65
69            android:value="@string/facebook_app_id" />
69-->src\main\AndroidManifest.xml:40:66-105
70        <meta-data
70-->src\main\AndroidManifest.xml:41:9-111
71            android:name="com.facebook.sdk.ClientToken"
71-->src\main\AndroidManifest.xml:41:20-63
72            android:value="@string/facebook_client_token" />
72-->src\main\AndroidManifest.xml:41:64-109
73
74        <activity
74-->[androidx.compose.ui:ui-tooling:1.2.0-alpha08] AndroidManifest.xml:25:9-27:39
75            android:name="androidx.compose.ui.tooling.PreviewActivity"
75-->[androidx.compose.ui:ui-tooling:1.2.0-alpha08] AndroidManifest.xml:26:13-71
76            android:exported="true" />
76-->[androidx.compose.ui:ui-tooling:1.2.0-alpha08] AndroidManifest.xml:27:13-36
77        <activity
77-->[com.facebook.android:facebook-common:13.2.0] AndroidManifest.xml:30:9-33:66
78            android:name="com.facebook.FacebookActivity"
78-->[com.facebook.android:facebook-common:13.2.0] AndroidManifest.xml:31:13-57
79            android:configChanges="keyboard|keyboardHidden|screenLayout|screenSize|orientation"
79-->[com.facebook.android:facebook-common:13.2.0] AndroidManifest.xml:32:13-96
80            android:theme="@style/com_facebook_activity_theme" />
80-->[com.facebook.android:facebook-common:13.2.0] AndroidManifest.xml:33:13-63
81        <activity android:name="com.facebook.CustomTabMainActivity" />
81-->[com.facebook.android:facebook-common:13.2.0] AndroidManifest.xml:34:9-71
81-->[com.facebook.android:facebook-common:13.2.0] AndroidManifest.xml:34:19-68
82        <activity
82-->[com.facebook.android:facebook-common:13.2.0] AndroidManifest.xml:35:9-49:20
83            android:name="com.facebook.CustomTabActivity"
83-->[com.facebook.android:facebook-common:13.2.0] AndroidManifest.xml:36:13-58
84            android:exported="true" >
84-->[com.facebook.android:facebook-common:13.2.0] AndroidManifest.xml:37:13-36
85            <intent-filter>
85-->[com.facebook.android:facebook-common:13.2.0] AndroidManifest.xml:39:13-48:29
86                <action android:name="android.intent.action.VIEW" />
86-->[com.facebook.android:facebook-common:13.2.0] AndroidManifest.xml:40:17-69
86-->[com.facebook.android:facebook-common:13.2.0] AndroidManifest.xml:40:25-66
87
88                <category android:name="android.intent.category.DEFAULT" />
88-->[com.facebook.android:facebook-common:13.2.0] AndroidManifest.xml:42:17-76
88-->[com.facebook.android:facebook-common:13.2.0] AndroidManifest.xml:42:27-73
89                <category android:name="android.intent.category.BROWSABLE" />
89-->[com.facebook.android:facebook-common:13.2.0] AndroidManifest.xml:43:17-78
89-->[com.facebook.android:facebook-common:13.2.0] AndroidManifest.xml:43:27-75
90
91                <data
91-->[com.facebook.android:facebook-common:13.2.0] AndroidManifest.xml:45:17-47:50
92                    android:host="cct.com.nibodev.statussaver"
92-->[com.facebook.android:facebook-common:13.2.0] AndroidManifest.xml:46:21-56
93                    android:scheme="fbconnect" />
93-->[com.facebook.android:facebook-common:13.2.0] AndroidManifest.xml:47:21-47
94            </intent-filter>
95        </activity>
96        <activity
96-->[com.google.android.gms:play-services-base:17.6.0] AndroidManifest.xml:23:9-26:75
97            android:name="com.google.android.gms.common.api.GoogleApiActivity"
97-->[com.google.android.gms:play-services-base:17.6.0] AndroidManifest.xml:24:13-79
98            android:exported="false"
98-->[com.google.android.gms:play-services-base:17.6.0] AndroidManifest.xml:25:13-37
99            android:theme="@android:style/Theme.Translucent.NoTitleBar" /> <!-- Include the AdActivity and InAppPurchaseActivity configChanges and themes. -->
99-->[com.google.android.gms:play-services-base:17.6.0] AndroidManifest.xml:26:13-72
100        <activity
100-->[com.google.android.gms:play-services-ads-lite:20.6.0] AndroidManifest.xml:49:9-53:64
101            android:name="com.google.android.gms.ads.AdActivity"
101-->[com.google.android.gms:play-services-ads-lite:20.6.0] AndroidManifest.xml:50:13-65
102            android:configChanges="keyboard|keyboardHidden|orientation|screenLayout|uiMode|screenSize|smallestScreenSize"
102-->[com.google.android.gms:play-services-ads-lite:20.6.0] AndroidManifest.xml:51:13-122
103            android:exported="false"
103-->[com.google.android.gms:play-services-ads-lite:20.6.0] AndroidManifest.xml:52:13-37
104            android:theme="@android:style/Theme.Translucent" />
104-->[com.google.android.gms:play-services-ads-lite:20.6.0] AndroidManifest.xml:53:13-61
105
106        <provider
106-->[com.google.android.gms:play-services-ads-lite:20.6.0] AndroidManifest.xml:55:9-59:39
107            android:name="com.google.android.gms.ads.MobileAdsInitProvider"
107-->[com.google.android.gms:play-services-ads-lite:20.6.0] AndroidManifest.xml:56:13-76
108            android:authorities="com.nibodev.statussaver.mobileadsinitprovider"
108-->[com.google.android.gms:play-services-ads-lite:20.6.0] AndroidManifest.xml:57:13-73
109            android:exported="false"
109-->[com.google.android.gms:play-services-ads-lite:20.6.0] AndroidManifest.xml:58:13-37
110            android:initOrder="100" />
110-->[com.google.android.gms:play-services-ads-lite:20.6.0] AndroidManifest.xml:59:13-36
111
112        <service
112-->[com.google.android.gms:play-services-ads-lite:20.6.0] AndroidManifest.xml:61:9-64:40
113            android:name="com.google.android.gms.ads.AdService"
113-->[com.google.android.gms:play-services-ads-lite:20.6.0] AndroidManifest.xml:62:13-64
114            android:enabled="true"
114-->[com.google.android.gms:play-services-ads-lite:20.6.0] AndroidManifest.xml:63:13-35
115            android:exported="false" />
115-->[com.google.android.gms:play-services-ads-lite:20.6.0] AndroidManifest.xml:64:13-37
116        <service
116-->[com.google.firebase:firebase-analytics-ktx:20.1.0] AndroidManifest.xml:8:9-14:19
117            android:name="com.google.firebase.components.ComponentDiscoveryService"
117-->[com.google.firebase:firebase-analytics-ktx:20.1.0] AndroidManifest.xml:9:13-84
118            android:directBootAware="true"
118-->[com.google.firebase:firebase-common:20.0.0] AndroidManifest.xml:35:13-43
119            android:exported="false" >
119-->[com.google.firebase:firebase-analytics-ktx:20.1.0] AndroidManifest.xml:10:13-37
120            <meta-data
120-->[com.google.firebase:firebase-analytics-ktx:20.1.0] AndroidManifest.xml:11:13-13:85
121                android:name="com.google.firebase.components:com.google.firebase.analytics.ktx.FirebaseAnalyticsKtxRegistrar"
121-->[com.google.firebase:firebase-analytics-ktx:20.1.0] AndroidManifest.xml:12:17-126
122                android:value="com.google.firebase.components.ComponentRegistrar" />
122-->[com.google.firebase:firebase-analytics-ktx:20.1.0] AndroidManifest.xml:13:17-82
123            <meta-data
123-->[com.google.android.gms:play-services-measurement-api:20.1.0] AndroidManifest.xml:30:13-32:85
124                android:name="com.google.firebase.components:com.google.firebase.analytics.connector.internal.AnalyticsConnectorRegistrar"
124-->[com.google.android.gms:play-services-measurement-api:20.1.0] AndroidManifest.xml:31:17-139
125                android:value="com.google.firebase.components.ComponentRegistrar" />
125-->[com.google.android.gms:play-services-measurement-api:20.1.0] AndroidManifest.xml:32:17-82
126            <meta-data
126-->[com.google.firebase:firebase-config-ktx:21.0.1] AndroidManifest.xml:15:13-17:85
127                android:name="com.google.firebase.components:com.google.firebase.remoteconfig.ktx.FirebaseRemoteConfigKtxRegistrar"
127-->[com.google.firebase:firebase-config-ktx:21.0.1] AndroidManifest.xml:16:17-132
128                android:value="com.google.firebase.components.ComponentRegistrar" />
128-->[com.google.firebase:firebase-config-ktx:21.0.1] AndroidManifest.xml:17:17-82
129            <meta-data
129-->[com.google.firebase:firebase-config:21.0.1] AndroidManifest.xml:32:13-34:85
130                android:name="com.google.firebase.components:com.google.firebase.remoteconfig.RemoteConfigRegistrar"
130-->[com.google.firebase:firebase-config:21.0.1] AndroidManifest.xml:33:17-117
131                android:value="com.google.firebase.components.ComponentRegistrar" />
131-->[com.google.firebase:firebase-config:21.0.1] AndroidManifest.xml:34:17-82
132            <meta-data
132-->[com.google.firebase:firebase-abt:21.0.0] AndroidManifest.xml:13:13-15:85
133                android:name="com.google.firebase.components:com.google.firebase.abt.component.AbtRegistrar"
133-->[com.google.firebase:firebase-abt:21.0.0] AndroidManifest.xml:14:17-109
134                android:value="com.google.firebase.components.ComponentRegistrar" />
134-->[com.google.firebase:firebase-abt:21.0.0] AndroidManifest.xml:15:17-82
135            <meta-data
135-->[com.google.firebase:firebase-common-ktx:20.0.0] AndroidManifest.xml:15:13-17:85
136                android:name="com.google.firebase.components:com.google.firebase.ktx.FirebaseCommonKtxRegistrar"
136-->[com.google.firebase:firebase-common-ktx:20.0.0] AndroidManifest.xml:16:17-113
137                android:value="com.google.firebase.components.ComponentRegistrar" />
137-->[com.google.firebase:firebase-common-ktx:20.0.0] AndroidManifest.xml:17:17-82
138            <meta-data
138-->[com.google.firebase:firebase-installations:17.0.0] AndroidManifest.xml:18:13-20:85
139                android:name="com.google.firebase.components:com.google.firebase.installations.FirebaseInstallationsRegistrar"
139-->[com.google.firebase:firebase-installations:17.0.0] AndroidManifest.xml:19:17-127
140                android:value="com.google.firebase.components.ComponentRegistrar" />
140-->[com.google.firebase:firebase-installations:17.0.0] AndroidManifest.xml:20:17-82
141        </service>
142
143        <receiver
143-->[com.google.android.gms:play-services-measurement:20.1.0] AndroidManifest.xml:29:9-33:20
144            android:name="com.google.android.gms.measurement.AppMeasurementReceiver"
144-->[com.google.android.gms:play-services-measurement:20.1.0] AndroidManifest.xml:30:13-85
145            android:enabled="true"
145-->[com.google.android.gms:play-services-measurement:20.1.0] AndroidManifest.xml:31:13-35
146            android:exported="false" >
146-->[com.google.android.gms:play-services-measurement:20.1.0] AndroidManifest.xml:32:13-37
147        </receiver>
148
149        <service
149-->[com.google.android.gms:play-services-measurement:20.1.0] AndroidManifest.xml:35:9-38:40
150            android:name="com.google.android.gms.measurement.AppMeasurementService"
150-->[com.google.android.gms:play-services-measurement:20.1.0] AndroidManifest.xml:36:13-84
151            android:enabled="true"
151-->[com.google.android.gms:play-services-measurement:20.1.0] AndroidManifest.xml:37:13-35
152            android:exported="false" />
152-->[com.google.android.gms:play-services-measurement:20.1.0] AndroidManifest.xml:38:13-37
153        <service
153-->[com.google.android.gms:play-services-measurement:20.1.0] AndroidManifest.xml:39:9-43:72
154            android:name="com.google.android.gms.measurement.AppMeasurementJobService"
154-->[com.google.android.gms:play-services-measurement:20.1.0] AndroidManifest.xml:40:13-87
155            android:enabled="true"
155-->[com.google.android.gms:play-services-measurement:20.1.0] AndroidManifest.xml:41:13-35
156            android:exported="false"
156-->[com.google.android.gms:play-services-measurement:20.1.0] AndroidManifest.xml:42:13-37
157            android:permission="android.permission.BIND_JOB_SERVICE" />
157-->[com.google.android.gms:play-services-measurement:20.1.0] AndroidManifest.xml:43:13-69
158
159        <provider
159-->[com.google.firebase:firebase-common:20.0.0] AndroidManifest.xml:26:9-31:39
160            android:name="com.google.firebase.provider.FirebaseInitProvider"
160-->[com.google.firebase:firebase-common:20.0.0] AndroidManifest.xml:27:13-77
161            android:authorities="com.nibodev.statussaver.firebaseinitprovider"
161-->[com.google.firebase:firebase-common:20.0.0] AndroidManifest.xml:28:13-72
162            android:directBootAware="true"
162-->[com.google.firebase:firebase-common:20.0.0] AndroidManifest.xml:29:13-43
163            android:exported="false"
163-->[com.google.firebase:firebase-common:20.0.0] AndroidManifest.xml:30:13-37
164            android:initOrder="100" />
164-->[com.google.firebase:firebase-common:20.0.0] AndroidManifest.xml:31:13-36
165
166        <meta-data
166-->[com.google.android.gms:play-services-basement:18.0.0] AndroidManifest.xml:21:9-23:69
167            android:name="com.google.android.gms.version"
167-->[com.google.android.gms:play-services-basement:18.0.0] AndroidManifest.xml:22:13-58
168            android:value="@integer/google_play_services_version" />
168-->[com.google.android.gms:play-services-basement:18.0.0] AndroidManifest.xml:23:13-66
169        <!--
170         The initialization ContentProvider will call FacebookSdk.sdkInitialize automatically
171         with the application context. This config is merged in with the host app's manifest,
172         but there can only be one provider with the same authority activated at any given
173         point; so if the end user has two or more different apps that use Facebook SDK, only the
174         first one will be able to use the provider. To work around this problem, we use the
175         following placeholder in the authority to identify each host application as if it was
176         a completely different provider.
177        -->
178        <provider
178-->[com.facebook.android:facebook-core:13.2.0] AndroidManifest.xml:41:9-44:40
179            android:name="com.facebook.internal.FacebookInitProvider"
179-->[com.facebook.android:facebook-core:13.2.0] AndroidManifest.xml:42:13-70
180            android:authorities="com.nibodev.statussaver.FacebookInitProvider"
180-->[com.facebook.android:facebook-core:13.2.0] AndroidManifest.xml:43:13-72
181            android:exported="false" />
181-->[com.facebook.android:facebook-core:13.2.0] AndroidManifest.xml:44:13-37
182
183        <receiver
183-->[com.facebook.android:facebook-core:13.2.0] AndroidManifest.xml:46:9-52:20
184            android:name="com.facebook.CurrentAccessTokenExpirationBroadcastReceiver"
184-->[com.facebook.android:facebook-core:13.2.0] AndroidManifest.xml:47:13-86
185            android:exported="false" >
185-->[com.facebook.android:facebook-core:13.2.0] AndroidManifest.xml:48:13-37
186            <intent-filter>
186-->[com.facebook.android:facebook-core:13.2.0] AndroidManifest.xml:49:13-51:29
187                <action android:name="com.facebook.sdk.ACTION_CURRENT_ACCESS_TOKEN_CHANGED" />
187-->[com.facebook.android:facebook-core:13.2.0] AndroidManifest.xml:50:17-95
187-->[com.facebook.android:facebook-core:13.2.0] AndroidManifest.xml:50:25-92
188            </intent-filter>
189        </receiver>
190        <receiver
190-->[com.facebook.android:facebook-core:13.2.0] AndroidManifest.xml:53:9-59:20
191            android:name="com.facebook.AuthenticationTokenManager$CurrentAuthenticationTokenChangedBroadcastReceiver"
191-->[com.facebook.android:facebook-core:13.2.0] AndroidManifest.xml:54:13-118
192            android:exported="false" >
192-->[com.facebook.android:facebook-core:13.2.0] AndroidManifest.xml:55:13-37
193            <intent-filter>
193-->[com.facebook.android:facebook-core:13.2.0] AndroidManifest.xml:56:13-58:29
194                <action android:name="com.facebook.sdk.ACTION_CURRENT_AUTHENTICATION_TOKEN_CHANGED" />
194-->[com.facebook.android:facebook-core:13.2.0] AndroidManifest.xml:57:17-103
194-->[com.facebook.android:facebook-core:13.2.0] AndroidManifest.xml:57:25-100
195            </intent-filter>
196        </receiver>
197
198        <provider
198-->[androidx.emoji2:emoji2:1.0.0] AndroidManifest.xml:26:9-34:20
199            android:name="androidx.startup.InitializationProvider"
199-->[androidx.emoji2:emoji2:1.0.0] AndroidManifest.xml:27:13-67
200            android:authorities="com.nibodev.statussaver.androidx-startup"
200-->[androidx.emoji2:emoji2:1.0.0] AndroidManifest.xml:28:13-68
201            android:exported="false" >
201-->[androidx.emoji2:emoji2:1.0.0] AndroidManifest.xml:29:13-37
202            <meta-data
202-->[androidx.emoji2:emoji2:1.0.0] AndroidManifest.xml:31:13-33:52
203                android:name="androidx.emoji2.text.EmojiCompatInitializer"
203-->[androidx.emoji2:emoji2:1.0.0] AndroidManifest.xml:32:17-75
204                android:value="androidx.startup" />
204-->[androidx.emoji2:emoji2:1.0.0] AndroidManifest.xml:33:17-49
205            <meta-data
205-->[androidx.work:work-runtime:2.7.0] AndroidManifest.xml:36:13-38:52
206                android:name="androidx.work.WorkManagerInitializer"
206-->[androidx.work:work-runtime:2.7.0] AndroidManifest.xml:37:17-68
207                android:value="androidx.startup" />
207-->[androidx.work:work-runtime:2.7.0] AndroidManifest.xml:38:17-49
208            <meta-data
208-->[androidx.profileinstaller:profileinstaller:1.2.0-alpha02] AndroidManifest.xml:31:13-33:52
209                android:name="androidx.profileinstaller.ProfileInstallerInitializer"
209-->[androidx.profileinstaller:profileinstaller:1.2.0-alpha02] AndroidManifest.xml:32:17-85
210                android:value="androidx.startup" />
210-->[androidx.profileinstaller:profileinstaller:1.2.0-alpha02] AndroidManifest.xml:33:17-49
211            <meta-data
211-->[androidx.lifecycle:lifecycle-process:2.4.0] AndroidManifest.xml:31:13-33:52
212                android:name="androidx.lifecycle.ProcessLifecycleInitializer"
212-->[androidx.lifecycle:lifecycle-process:2.4.0] AndroidManifest.xml:32:17-78
213                android:value="androidx.startup" />
213-->[androidx.lifecycle:lifecycle-process:2.4.0] AndroidManifest.xml:33:17-49
214        </provider>
215
216        <service
216-->[androidx.work:work-runtime:2.7.0] AndroidManifest.xml:41:9-46:35
217            android:name="androidx.work.impl.background.systemalarm.SystemAlarmService"
217-->[androidx.work:work-runtime:2.7.0] AndroidManifest.xml:42:13-88
218            android:directBootAware="false"
218-->[androidx.work:work-runtime:2.7.0] AndroidManifest.xml:43:13-44
219            android:enabled="@bool/enable_system_alarm_service_default"
219-->[androidx.work:work-runtime:2.7.0] AndroidManifest.xml:44:13-72
220            android:exported="false" />
220-->[androidx.work:work-runtime:2.7.0] AndroidManifest.xml:45:13-37
221        <service
221-->[androidx.work:work-runtime:2.7.0] AndroidManifest.xml:47:9-53:35
222            android:name="androidx.work.impl.background.systemjob.SystemJobService"
222-->[androidx.work:work-runtime:2.7.0] AndroidManifest.xml:48:13-84
223            android:directBootAware="false"
223-->[androidx.work:work-runtime:2.7.0] AndroidManifest.xml:49:13-44
224            android:enabled="@bool/enable_system_job_service_default"
224-->[androidx.work:work-runtime:2.7.0] AndroidManifest.xml:50:13-70
225            android:exported="true"
225-->[androidx.work:work-runtime:2.7.0] AndroidManifest.xml:51:13-36
226            android:permission="android.permission.BIND_JOB_SERVICE" />
226-->[androidx.work:work-runtime:2.7.0] AndroidManifest.xml:52:13-69
227        <service
227-->[androidx.work:work-runtime:2.7.0] AndroidManifest.xml:54:9-59:35
228            android:name="androidx.work.impl.foreground.SystemForegroundService"
228-->[androidx.work:work-runtime:2.7.0] AndroidManifest.xml:55:13-81
229            android:directBootAware="false"
229-->[androidx.work:work-runtime:2.7.0] AndroidManifest.xml:56:13-44
230            android:enabled="@bool/enable_system_foreground_service_default"
230-->[androidx.work:work-runtime:2.7.0] AndroidManifest.xml:57:13-77
231            android:exported="false" />
231-->[androidx.work:work-runtime:2.7.0] AndroidManifest.xml:58:13-37
232
233        <receiver
233-->[androidx.work:work-runtime:2.7.0] AndroidManifest.xml:61:9-66:35
234            android:name="androidx.work.impl.utils.ForceStopRunnable$BroadcastReceiver"
234-->[androidx.work:work-runtime:2.7.0] AndroidManifest.xml:62:13-88
235            android:directBootAware="false"
235-->[androidx.work:work-runtime:2.7.0] AndroidManifest.xml:63:13-44
236            android:enabled="true"
236-->[androidx.work:work-runtime:2.7.0] AndroidManifest.xml:64:13-35
237            android:exported="false" />
237-->[androidx.work:work-runtime:2.7.0] AndroidManifest.xml:65:13-37
238        <receiver
238-->[androidx.work:work-runtime:2.7.0] AndroidManifest.xml:67:9-77:20
239            android:name="androidx.work.impl.background.systemalarm.ConstraintProxy$BatteryChargingProxy"
239-->[androidx.work:work-runtime:2.7.0] AndroidManifest.xml:68:13-106
240            android:directBootAware="false"
240-->[androidx.work:work-runtime:2.7.0] AndroidManifest.xml:69:13-44
241            android:enabled="false"
241-->[androidx.work:work-runtime:2.7.0] AndroidManifest.xml:70:13-36
242            android:exported="false" >
242-->[androidx.work:work-runtime:2.7.0] AndroidManifest.xml:71:13-37
243            <intent-filter>
243-->[androidx.work:work-runtime:2.7.0] AndroidManifest.xml:73:13-76:29
244                <action android:name="android.intent.action.ACTION_POWER_CONNECTED" />
244-->[androidx.work:work-runtime:2.7.0] AndroidManifest.xml:74:17-87
244-->[androidx.work:work-runtime:2.7.0] AndroidManifest.xml:74:25-84
245                <action android:name="android.intent.action.ACTION_POWER_DISCONNECTED" />
245-->[androidx.work:work-runtime:2.7.0] AndroidManifest.xml:75:17-90
245-->[androidx.work:work-runtime:2.7.0] AndroidManifest.xml:75:25-87
246            </intent-filter>
247        </receiver>
248        <receiver
248-->[androidx.work:work-runtime:2.7.0] AndroidManifest.xml:78:9-88:20
249            android:name="androidx.work.impl.background.systemalarm.ConstraintProxy$BatteryNotLowProxy"
249-->[androidx.work:work-runtime:2.7.0] AndroidManifest.xml:79:13-104
250            android:directBootAware="false"
250-->[androidx.work:work-runtime:2.7.0] AndroidManifest.xml:80:13-44
251            android:enabled="false"
251-->[androidx.work:work-runtime:2.7.0] AndroidManifest.xml:81:13-36
252            android:exported="false" >
252-->[androidx.work:work-runtime:2.7.0] AndroidManifest.xml:82:13-37
253            <intent-filter>
253-->[androidx.work:work-runtime:2.7.0] AndroidManifest.xml:84:13-87:29
254                <action android:name="android.intent.action.BATTERY_OKAY" />
254-->[androidx.work:work-runtime:2.7.0] AndroidManifest.xml:85:17-77
254-->[androidx.work:work-runtime:2.7.0] AndroidManifest.xml:85:25-74
255                <action android:name="android.intent.action.BATTERY_LOW" />
255-->[androidx.work:work-runtime:2.7.0] AndroidManifest.xml:86:17-76
255-->[androidx.work:work-runtime:2.7.0] AndroidManifest.xml:86:25-73
256            </intent-filter>
257        </receiver>
258        <receiver
258-->[androidx.work:work-runtime:2.7.0] AndroidManifest.xml:89:9-99:20
259            android:name="androidx.work.impl.background.systemalarm.ConstraintProxy$StorageNotLowProxy"
259-->[androidx.work:work-runtime:2.7.0] AndroidManifest.xml:90:13-104
260            android:directBootAware="false"
260-->[androidx.work:work-runtime:2.7.0] AndroidManifest.xml:91:13-44
261            android:enabled="false"
261-->[androidx.work:work-runtime:2.7.0] AndroidManifest.xml:92:13-36
262            android:exported="false" >
262-->[androidx.work:work-runtime:2.7.0] AndroidManifest.xml:93:13-37